[18:37:38] [main/INFO] ========================================
[18:37:38] [main/INFO] Minecraft: 1.20
[18:37:38] [main/INFO] Side: server
[18:37:38] [main/INFO] Development: false
[18:37:38] [main/INFO] Version: 12.0.622
[18:37:38] [main/INFO] Loader:
[18:37:38] [main/INFO] - Fabric: 0.14.21
[18:37:38] [main/INFO] - Fabric API: 0.83.0+1.20
[18:37:38] [main/INFO] Dependencies:
[18:37:38] [main/INFO] - Cloth Config: 11.0.99
[18:37:38] [main/INFO] - Architectury: 9.0.7
[18:37:38] [main/INFO] Mixin: 0.8.5
[18:37:38] [main/INFO] OS: Windows 10 10.0 (amd64)
[18:37:38] [main/INFO] Java: 17.0.7 (Oracle Corporation)
[18:37:38] [main/INFO] ========================================
[18:37:38] [main/INFO] Mods:
[18:37:38] [main/INFO] - additionalentityattributes: 1.2.2+1.19.4
[18:37:38] [main/INFO] - advancednetherite: 2.0.2-1.20
[18:37:38] [main/INFO] - adventurez: 1.4.18
[18:37:38] [main/INFO] - alloy_forgery: 2.0.21+1.20
[18:37:38] [main/INFO] - animal_feeding_trough: 1.0.3+1.20
[18:37:38] [main/INFO] - architectury: 9.0.7
[18:37:38] [main/INFO] - at_favre_lib_bcrypt: 0.9.0
[18:37:38] [main/INFO] - at_favre_lib_bytes: 1.5.0
[18:37:38] [main/INFO] - backslot: 1.2.13
[18:37:38] [main/INFO] - backslotaddon: 1.1.0
[18:37:38] [main/INFO] - biolith: 1.0.0-alpha.4
[18:37:38] [main/INFO] - blossom: 1.0.7
[18:37:38] [main/INFO] - blue_endless_jankson: 1.2.2
[18:37:38] [main/INFO] - bluemap: 3.14
[18:37:38] [main/INFO] - cardinal-components: 5.2.1
[18:37:38] [main/INFO] - cardinal-components-base: 5.2.1
[18:37:38] [main/INFO] - cardinal-components-block: 5.2.1
[18:37:38] [main/INFO] - cardinal-components-chunk: 5.2.1
[18:37:38] [main/INFO] - cardinal-components-entity: 5.2.1
[18:37:38] [main/INFO] - cardinal-components-item: 5.2.1
[18:37:38] [main/INFO] - cardinal-components-level: 5.2.1
[18:37:38] [main/INFO] - cardinal-components-scoreboard: 5.2.1
[18:37:38] [main/INFO] - cardinal-components-world: 5.2.1
[18:37:38] [main/INFO] - cloth-basic-math: 0.6.1
[18:37:38] [main/INFO] - cloth-config: 11.0.99
[18:37:38] [main/INFO] - cloth-config: 11.0.99
[18:37:38] [main/INFO] - collective: 6.57
[18:37:38] [main/INFO] - com_electronwill_night-config_core: 3.6.4
[18:37:38] [main/INFO] - com_electronwill_night-config_toml: 3.6.4
[18:37:38] [main/INFO] - com_eliotlash_mclib_mclib: 20
[18:37:38] [main/INFO] - com_github_llamalad7_mixinextras: 0.2.0-beta.8
[18:37:38] [main/INFO] - com_mysql_mysql-connector-j: 8.0.33
[18:37:38] [main/INFO] - com_twelvemonkeys_common_common-image: 3.9.4
[18:37:38] [main/INFO] - com_twelvemonkeys_common_common-io: 3.9.4
[18:37:38] [main/INFO] - com_twelvemonkeys_common_common-lang: 3.9.4
[18:37:38] [main/INFO] - com_twelvemonkeys_imageio_imageio-core: 3.9.4
[18:37:38] [main/INFO] - com_twelvemonkeys_imageio_imageio-metadata: 3.9.4
[18:37:38] [main/INFO] - com_twelvemonkeys_imageio_imageio-webp: 3.9.4
[18:37:38] [main/INFO] - com_velocitypowered_velocity-native: 3.2.0-SNAPSHOT
[18:37:38] [main/INFO] - common-protection-api: 1.0.0
[18:37:38] [main/INFO] - configurabledespawntimer: 3.1
[18:37:38] [main/INFO] - cyclepaintings: 3.2
[18:37:38] [main/INFO] - de_mkammerer_argon2-jvm: 2.11
[18:37:38] [main/INFO] - de_mkammerer_argon2-jvm-nolibs: 2.11
[18:37:38] [main/INFO] - doubledoors: 4.5
[18:37:38] [main/INFO] - dungeons_andtaverns_mr: 1-v2.1.2
[18:37:38] [main/INFO] - earthtojavamobs: 1.10.1
[18:37:38] [main/INFO] - easyauth: 3.0.0-16
[18:37:38] [main/INFO] - elementalcreepers: 1.4.3+1.20
[18:37:38] [main/INFO] - error_notifier: 1.0.9
[18:37:38] [main/INFO] - fabric-api: 0.83.0+1.20
[18:37:38] [main/INFO] - fabric-api: 0.83.0+1.20
[18:37:38] [main/INFO] - fabric-api-base: 0.4.29+b04edc7a27
[18:37:38] [main/INFO] - fabric-api-lookup-api-v1: 1.6.34+4d8536c927
[18:37:38] [main/INFO] - fabric-biome-api-v1: 13.0.10+b3afc78b27
[18:37:38] [main/INFO] - fabric-block-api-v1: 1.0.9+e022e5d127
[18:37:38] [main/INFO] - fabric-command-api-v1: 1.2.32+f71b366f27
[18:37:38] [main/INFO] - fabric-command-api-v2: 2.2.11+b3afc78b27
[18:37:38] [main/INFO] - fabric-commands-v0: 0.2.49+df3654b327
[18:37:38] [main/INFO] - fabric-containers-v0: 0.1.61+df3654b327
[18:37:38] [main/INFO] - fabric-content-registries-v0: 4.0.7+b3afc78b27
[18:37:38] [main/INFO] - fabric-convention-tags-v1: 1.5.3+b3afc78b27
[18:37:38] [main/INFO] - fabric-crash-report-info-v1: 0.2.18+aeb40ebe27
[18:37:38] [main/INFO] - fabric-data-generation-api-v1: 12.1.10+b3afc78b27
[18:37:38] [main/INFO] - fabric-dimensions-v1: 2.1.51+b3afc78b27
[18:37:38] [main/INFO] - fabric-entity-events-v1: 1.5.21+b3afc78b27
[18:37:38] [main/INFO] - fabric-events-interaction-v0: 0.6.0+b3afc78b27
[18:37:38] [main/INFO] - fabric-events-lifecycle-v0: 0.2.61+df3654b327
[18:37:38] [main/INFO] - fabric-game-rule-api-v1: 1.0.38+b04edc7a27
[18:37:38] [main/INFO] - fabric-item-api-v1: 2.1.26+b3afc78b27
[18:37:38] [main/INFO] - fabric-item-group-api-v1: 4.0.7+b3afc78b27
[18:37:38] [main/INFO] - fabric-language-kotlin: 1.9.5+kotlin.1.8.22
[18:37:38] [main/INFO] - fabric-lifecycle-events-v1: 2.2.20+b3afc78b27
[18:37:38] [main/INFO] - fabric-loot-api-v2: 1.1.37+b3afc78b27
[18:37:38] [main/INFO] - fabric-loot-tables-v1: 1.1.41+9e7660c627
[18:37:38] [main/INFO] - fabric-message-api-v1: 5.1.6+b3afc78b27
[18:37:38] [main/INFO] - fabric-mining-level-api-v1: 2.1.47+b3afc78b27
[18:37:38] [main/INFO] - fabric-networking-api-v1: 1.3.8+b3afc78b27
[18:37:38] [main/INFO] - fabric-networking-v0: 0.3.48+df3654b327
[18:37:38] [main/INFO] - fabric-object-builder-api-v1: 11.0.6+b3afc78b27
[18:37:38] [main/INFO] - fabric-particles-v1: 1.0.28+b3afc78b27
[18:37:38] [main/INFO] - fabric-permissions-api-v0: 0.2-SNAPSHOT
[18:37:38] [main/INFO] - fabric-recipe-api-v1: 1.0.18+b3afc78b27
[18:37:38] [main/INFO] - fabric-registry-sync-v0: 2.2.6+b3afc78b27
[18:37:38] [main/INFO] - fabric-rendering-data-attachment-v1: 0.3.33+b3afc78b27
[18:37:38] [main/INFO] - fabric-rendering-fluids-v1: 3.0.26+b3afc78b27
[18:37:38] [main/INFO] - fabric-resource-conditions-api-v1: 2.3.4+b3afc78b27
[18:37:38] [main/INFO] - fabric-resource-loader-v0: 0.11.7+f7923f6d27
[18:37:38] [main/INFO] - fabric-screen-handler-api-v1: 1.3.27+b3afc78b27
[18:37:38] [main/INFO] - fabric-transfer-api-v1: 3.2.2+b3afc78b27
[18:37:38] [main/INFO] - fabric-transitive-access-wideners-v1: 4.2.0+b3afc78b27
[18:37:38] [main/INFO] - fabricloader: 0.14.21
[18:37:38] [main/INFO] - forgeconfigapiport: 7.0.0
[18:37:38] [main/INFO] - friendsandfoes: 1.9.0
[18:37:38] [main/INFO] - geckolib: 4.2
[18:37:38] [main/INFO] - guardvillagers: 1.20-1.2.0
[18:37:38] [main/INFO] - handoveryouritems: 3.0
[18:37:38] [main/INFO] - imm_ptl_core: 3.0.2
[18:37:38] [main/INFO] - immersive_portals: 3.0.2
[18:37:38] [main/INFO] - incantationem: 1.2.1+1.20
[18:37:38] [main/INFO] - indypets: 1.2.2-1.20
[18:37:38] [main/INFO] - inventorysorter: 1.8.10-1.20
[18:37:38] [main/INFO] - jamlib: 0.6.0+1.20
[18:37:38] [main/INFO] - java: 17
[18:37:38] [main/INFO] - krypton: 0.2.3
[18:37:38] [main/INFO] - kyrptconfig: 1.5.3-1.20
[18:37:38] [main/INFO] - levelz: 1.4.9
[18:37:38] [main/INFO] - libz: 1.0.1
[18:37:38] [main/INFO] - midnightlib: 1.4.1
[18:37:38] [main/INFO] - minecraft: 1.20
[18:37:38] [main/INFO] - mo_glass: 1.6.1-MC1.20
[18:37:38] [main/INFO] - modern_glass_doors: 5.0.0+1.20
[18:37:38] [main/INFO] - moremobvariants: 1.2.2
[18:37:38] [main/INFO] - mythicmetals: 0.18.1+1.20-hotfix
[18:37:38] [main/INFO] - net_java_dev_jna_jna: 5.12.1
[18:37:38] [main/INFO] - netherportalspread: 7.5
[18:37:38] [main/INFO] - notenoughcrashes: 4.4.4+1.20
[18:37:38] [main/INFO] - npcvariety: 2.3.0
[18:37:38] [main/INFO] - org_iq80_leveldb_leveldb: 0.12
[18:37:38] [main/INFO] - org_iq80_leveldb_leveldb-api: 0.12
[18:37:38] [main/INFO] - org_jetbrains_kotlin_kotlin-reflect: 1.8.22
[18:37:38] [main/INFO] - org_jetbrains_kotlin_kotlin-stdlib: 1.8.22
[18:37:38] [main/INFO] - org_jetbrains_kotlin_kotlin-stdlib-jdk7: 1.8.22
[18:37:38] [main/INFO] - org_jetbrains_kotlin_kotlin-stdlib-jdk8: 1.8.22
[18:37:38] [main/INFO] - org_jetbrains_kotlinx_atomicfu-jvm: 0.20.2
[18:37:38] [main/INFO] - org_jetbrains_kotlinx_kotlinx-coroutines-core-jvm: 1.7.1
[18:37:38] [main/INFO] - org_jetbrains_kotlinx_kotlinx-coroutines-jdk8: 1.7.1
[18:37:38] [main/INFO] - org_jetbrains_kotlinx_kotlinx-datetime-jvm: 0.4.0
[18:37:38] [main/INFO] - org_jetbrains_kotlinx_kotlinx-serialization-cbor-jvm: 1.5.1
[18:37:38] [main/INFO] - org_jetbrains_kotlinx_kotlinx-serialization-core-jvm: 1.5.1
[18:37:38] [main/INFO] - org_jetbrains_kotlinx_kotlinx-serialization-json-jvm: 1.5.1
[18:37:38] [main/INFO] - org_mongodb_bson: 4.7.2
[18:37:38] [main/INFO] - org_mongodb_mongodb-driver-core: 4.7.2
[18:37:38] [main/INFO] - org_mongodb_mongodb-driver-sync: 4.7.2
[18:37:38] [main/INFO] - owo: 0.11.0+1.20
[18:37:38] [main/INFO] - packet_tweaker: 0.3.1+23w06a
[18:37:38] [main/INFO] - perfectaccuracy: 1.2-1.19
[18:37:38] [main/INFO] - petnames: 3.0
[18:37:38] [main/INFO] - ping-wheel: 1.3.0
[18:37:38] [main/INFO] - placeholder-api: 2.1.1+1.20
[18:37:38] [main/INFO] - q_misc_util: 3.0.2
[18:37:38] [main/INFO] - reach-entity-attributes: 2.3.3-pre.2
[18:37:38] [main/INFO] - realisticbees: 3.4
[18:37:38] [main/INFO] - regions_unexplored: 0.4.1+1.20
[18:37:38] [main/INFO] - repurposed_structures: 7.0.0+1.20-fabric
[18:37:38] [main/INFO] - roughlyenoughitems: 12.0.622
[18:37:38] [main/INFO] - seasons: 2.2.1+1.20
[18:37:38] [main/INFO] - server_translations_api: 2.0.0-beta.2+1.19.4-pre2
[18:37:38] [main/INFO] - smallernetherportals: 3.4
[18:37:38] [main/INFO] - smallships: 2.0.0-a2.3.2
[18:37:38] [main/INFO] - snowyleavesplus: 0.1.6
[18:37:38] [main/INFO] - sound_physics_remastered: 1.20-1.1.1
[18:37:38] [main/INFO] - spidersproducewebs: 3.1
[18:37:38] [main/INFO] - subterrestrial: 2.2.0
[18:37:38] [main/INFO] - terrablender: 3.0.0.163
[18:37:38] [main/INFO] - terraform-biome-remapper-api-v1: 7.0.0-beta.1
[18:37:38] [main/INFO] - terraform-config-api-v1: 7.0.0-beta.1
[18:37:38] [main/INFO] - terraform-surfaces-api-v1: 7.0.0-beta.1
[18:37:38] [main/INFO] - terraform-tree-api-v1: 7.0.0-beta.1
[18:37:38] [main/INFO] - terraform-wood-api-v1: 7.0.0-beta.1
[18:37:38] [main/INFO] - traverse: 7.0.1
[18:37:38] [main/INFO] - traverse-common: 7.0.1
[18:37:38] [main/INFO] - traverse-worldgen: 7.0.1
[18:37:38] [main/INFO] - trinkets: 3.7.0
[18:37:38] [main/INFO] - varietyapi: 1.0
[18:37:38] [main/INFO] - varietyaquatic: 1.0.4.6
[18:37:38] [main/INFO] - villagernames: 5.2
[18:37:38] [main/INFO] - weakerspiderwebs: 3.2
[18:37:38] [main/INFO] - xaerominimap: 23.4.4
[18:37:38] [main/INFO] - xaeroworldmap: 1.30.3
[18:37:38] [main/INFO] - yet_another_config_lib_v3: 3.0.1+1.20
[18:37:38] [main/INFO] ========================================
[18:37:38] [main/INFO] [REI] Registered plugin provider AlloyForgeryCommonPlugin [alloy_forgery] for REIPlugin
[18:37:38] [main/INFO] [REI] Registered plugin provider DefaultPlugin [roughlyenoughitems] for REIPlugin
[18:37:38] [main/INFO] [REI] Registered plugin provider DefaultRuntimePlugin [roughlyenoughitems] for REIPlugin
[18:37:38] [main/INFO] [REI] Registered plugin provider AlloyForgeryCommonPlugin [alloy_forgery] for REIServerPlugin
[18:37:38] [main/INFO] [REI] Registered plugin provider DefaultPlugin [roughlyenoughitems] for REIServerPlugin
[18:37:38] [main/INFO] [REI] Registered plugin provider DefaultRuntimePlugin [roughlyenoughitems] for REIServerPlugin
[18:37:38] [main/INFO] [REI] Registered plugin provider FabricFluidAPISupportPlugin for REIServerPlugin
[18:37:38] [main/INFO] [REI] Registered plugin provider FabricFluidAPISupportPlugin for REIPlugin
[18:37:42] [Worker-Main-5/DEBUG] [REI] Processed 1 tags in 1.720 ms for minecraft:painting_variant
[18:37:42] [Worker-Main-3/DEBUG] [REI] Processed 0 tags in 12.60 μs for minecraft:damage_type
[18:37:42] [Worker-Main-2/DEBUG] [REI] Processed 0 tags in 32.20 μs for minecraft:dimension_type[18:37:42] [Worker-Main-7/DEBUG] [REI] Processed 0 tags in 27.10 μs for minecraft:worldgen/world_preset
[18:37:42] [Worker-Main-4/DEBUG] [REI] Processed 7 tags in 1.705 ms for minecraft:banner_pattern
[18:37:42] [Worker-Main-6/DEBUG] [REI] Processed 3 tags in 1.740 ms for minecraft:instrument

[18:37:42] [Worker-Main-4/DEBUG] [REI] Processed 4 tags in 37.40 μs for minecraft:fluid
[18:37:42] [Worker-Main-1/DEBUG] [REI] Processed 5 tags in 1.729 ms for minecraft:enchantment
[18:37:42] [Worker-Main-3/DEBUG] [REI] Processed 0 tags in 75.80 μs for minecraft:worldgen/flat_level_generator_preset
[18:37:42] [Worker-Main-6/DEBUG] [REI] Processed 5 tags in 120.6 μs for minecraft:game_event
[18:37:42] [Worker-Main-1/DEBUG] [REI] Processed 2 tags in 32.50 μs for minecraft:cat_variant
[18:37:42] [Worker-Main-5/DEBUG] [REI] Processed 21 tags in 206.1 μs for minecraft:entity_type
[18:37:42] [Worker-Main-7/DEBUG] [REI] Processed 0 tags in 40.00 μs for minecraft:worldgen/structure
[18:37:42] [Worker-Main-4/DEBUG] [REI] Processed 4 tags in 43.90 μs for minecraft:point_of_interest_type
[18:37:42] [Worker-Main-7/DEBUG] [REI] Processed 0 tags in 10.90 μs for minecraft:worldgen/structure_set
[18:37:42] [Worker-Main-5/DEBUG] [REI] Processed 0 tags in 245.5 μs for minecraft:worldgen/biome
[18:37:42] [Worker-Main-1/DEBUG] [REI] Processed 411 tags in 5.074 ms for minecraft:block
[18:37:42] [Worker-Main-2/DEBUG] [REI] Processed 710 tags in 5.135 ms for minecraft:item
[18:37:43] [main/DEBUG] [REI] ========================================
[18:37:43] [main/DEBUG] [REI] REIPlugin starting pre-reload for START.
[18:37:43] [main/DEBUG] [REI] Reloadables (7):
[18:37:43] [main/DEBUG] [REI]  - EntryTypeRegistryImpl
[18:37:43] [main/DEBUG] [REI]  - EntrySettingsAdapterRegistryImpl
[18:37:43] [main/DEBUG] [REI]  - RecipeManagerContextImpl
[18:37:43] [main/DEBUG] [REI]  - ItemComparatorRegistryImpl
[18:37:43] [main/DEBUG] [REI]  - FluidComparatorRegistryImpl
[18:37:43] [main/DEBUG] [REI]  - DisplaySerializerRegistryImpl
[18:37:43] [main/DEBUG] [REI]  - FluidSupportProviderImpl
[18:37:43] [main/DEBUG] [REI] Plugins (4):
[18:37:43] [main/DEBUG] [REI]  - (-100,00) DefaultPlugin of DefaultPlugin [roughlyenoughitems]
[18:37:43] [main/DEBUG] [REI]  - (0,00) FabricFluidAPISupportPlugin
[18:37:43] [main/DEBUG] [REI]  - (0,00) DefaultRuntimePlugin of DefaultRuntimePlugin [roughlyenoughitems]
[18:37:43] [main/DEBUG] [REI]  - (0,00) AlloyForgeryCommonPlugin of AlloyForgeryCommonPlugin [alloy_forgery]
[18:37:43] [main/DEBUG] [REI] ========================================
[18:37:43] [main/TRACE] [REI] [REIPlugin START] Reloading Section: "pre-register/"
[18:37:43] [main/TRACE] [REI] [REIPlugin START] Reloading Section: "pre-register/DefaultPlugin of DefaultPlugin [roughlyenoughitems]/"
[18:37:43] [main/TRACE] [REI] [REIPlugin START] Reloading Section: "pre-register/DefaultPlugin of DefaultPlugin [roughlyenoughitems]/" done in 2.947 ms
[18:37:43] [main/TRACE] [REI] [REIPlugin START] Reloading Section: "pre-register/FabricFluidAPISupportPlugin/"
[18:37:43] [main/TRACE] [REI] [REIPlugin START] Reloading Section: "pre-register/FabricFluidAPISupportPlugin/" done in 12.10 μs
[18:37:43] [main/TRACE] [REI] [REIPlugin START] Reloading Section: "pre-register/DefaultRuntimePlugin of DefaultRuntimePlugin [roughlyenoughitems]/"
[18:37:43] [main/TRACE] [REI] [REIPlugin START] Reloading Section: "pre-register/DefaultRuntimePlugin of DefaultRuntimePlugin [roughlyenoughitems]/" done in 10.50 μs
[18:37:43] [main/TRACE] [REI] [REIPlugin START] Reloading Section: "pre-register/AlloyForgeryCommonPlugin of AlloyForgeryCommonPlugin [alloy_forgery]/"
[18:37:43] [main/TRACE] [REI] [REIPlugin START] Reloading Section: "pre-register/AlloyForgeryCommonPlugin of AlloyForgeryCommonPlugin [alloy_forgery]/" done in 15.10 μs
[18:37:43] [main/TRACE] [REI] [REIPlugin START] Reloading Section: "pre-register/" done in 27.65 ms
[18:37:43] [main/DEBUG] [REI] ========================================
[18:37:43] [main/DEBUG] [REI] REIPlugin finished pre-reload for START in 30.12 ms.
[18:37:43] [main/DEBUG] [REI] ========================================
[18:37:43] [main/DEBUG] [REI] ========================================
[18:37:43] [main/DEBUG] [REI] REIServerPlugin starting pre-reload for START.
[18:37:43] [main/DEBUG] [REI] Reloadables (1):
[18:37:43] [main/DEBUG] [REI]  - MenuInfoRegistryImpl
[18:37:43] [main/DEBUG] [REI] Plugins (4):
[18:37:43] [main/DEBUG] [REI]  - (-100,00) DefaultPlugin of DefaultPlugin [roughlyenoughitems]
[18:37:43] [main/DEBUG] [REI]  - (0,00) FabricFluidAPISupportPlugin
[18:37:43] [main/DEBUG] [REI]  - (0,00) DefaultRuntimePlugin of DefaultRuntimePlugin [roughlyenoughitems]
[18:37:43] [main/DEBUG] [REI]  - (0,00) AlloyForgeryCommonPlugin of AlloyForgeryCommonPlugin [alloy_forgery]
[18:37:43] [main/DEBUG] [REI] ========================================
[18:37:43] [main/TRACE] [REI] [REIServerPlugin START] Reloading Section: "pre-register/"
[18:37:43] [main/TRACE] [REI] [REIServerPlugin START] Reloading Section: "pre-register/DefaultPlugin of DefaultPlugin [roughlyenoughitems]/"
[18:37:43] [main/TRACE] [REI] [REIServerPlugin START] Reloading Section: "pre-register/DefaultPlugin of DefaultPlugin [roughlyenoughitems]/" done in 12.60 μs
[18:37:43] [main/TRACE] [REI] [REIServerPlugin START] Reloading Section: "pre-register/FabricFluidAPISupportPlugin/"
[18:37:43] [main/TRACE] [REI] [REIServerPlugin START] Reloading Section: "pre-register/FabricFluidAPISupportPlugin/" done in 12.80 μs
[18:37:43] [main/TRACE] [REI] [REIServerPlugin START] Reloading Section: "pre-register/DefaultRuntimePlugin of DefaultRuntimePlugin [roughlyenoughitems]/"
[18:37:43] [main/TRACE] [REI] [REIServerPlugin START] Reloading Section: "pre-register/DefaultRuntimePlugin of DefaultRuntimePlugin [roughlyenoughitems]/" done in 8.100 μs
[18:37:43] [main/TRACE] [REI] [REIServerPlugin START] Reloading Section: "pre-register/AlloyForgeryCommonPlugin of AlloyForgeryCommonPlugin [alloy_forgery]/"
[18:37:43] [main/TRACE] [REI] [REIServerPlugin START] Reloading Section: "pre-register/AlloyForgeryCommonPlugin of AlloyForgeryCommonPlugin [alloy_forgery]/" done in 8.400 μs
[18:37:43] [main/TRACE] [REI] [REIServerPlugin START] Reloading Section: "pre-register/" done in 585.8 μs
[18:37:43] [main/DEBUG] [REI] ========================================
[18:37:43] [main/DEBUG] [REI] REIServerPlugin finished pre-reload for START in 718.1 μs.
[18:37:43] [main/DEBUG] [REI] ========================================
[18:37:43] [main/INFO] [REI] ========================================
[18:37:43] [main/INFO] [REI] REIPlugin starting main-reload for START.
[18:37:43] [main/DEBUG] [REI] Reloadables (7):
[18:37:43] [main/DEBUG] [REI]  - EntryTypeRegistryImpl
[18:37:43] [main/DEBUG] [REI]  - EntrySettingsAdapterRegistryImpl
[18:37:43] [main/DEBUG] [REI]  - RecipeManagerContextImpl
[18:37:43] [main/DEBUG] [REI]  - ItemComparatorRegistryImpl
[18:37:43] [main/DEBUG] [REI]  - FluidComparatorRegistryImpl
[18:37:43] [main/DEBUG] [REI]  - DisplaySerializerRegistryImpl
[18:37:43] [main/DEBUG] [REI]  - FluidSupportProviderImpl
[18:37:43] [main/INFO] [REI] Plugins (4):
[18:37:43] [main/INFO] [REI]  - (-100,00) DefaultPlugin of DefaultPlugin [roughlyenoughitems]
[18:37:43] [main/INFO] [REI]  - (0,00) FabricFluidAPISupportPlugin
[18:37:43] [main/INFO] [REI]  - (0,00) DefaultRuntimePlugin of DefaultRuntimePlugin [roughlyenoughitems]
[18:37:43] [main/INFO] [REI]  - (0,00) AlloyForgeryCommonPlugin of AlloyForgeryCommonPlugin [alloy_forgery]
[18:37:43] [main/INFO] [REI] ========================================
[18:37:43] [main/TRACE] [REI] [REIPlugin START] Reloading Section: "start-reload/"
[18:37:43] [main/TRACE] [REI] [REIPlugin START] Reloading Section: "start-reload/EntryTypeRegistryImpl/"
[18:37:43] [main/TRACE] [REI] [REIPlugin START] Reloading Section: "start-reload/EntryTypeRegistryImpl/" done in 290.1 μs
[18:37:43] [main/TRACE] [REI] [REIPlugin START] Reloading Section: "start-reload/EntrySettingsAdapterRegistryImpl/"
[18:37:43] [main/TRACE] [REI] [REIPlugin START] Reloading Section: "start-reload/EntrySettingsAdapterRegistryImpl/" done in 11.90 μs
[18:37:43] [main/TRACE] [REI] [REIPlugin START] Reloading Section: "start-reload/RecipeManagerContextImpl/"
[18:37:43] [main/TRACE] [REI] [REIPlugin START] Reloading Section: "start-reload/RecipeManagerContextImpl/" done in 6.900 μs
[18:37:43] [main/TRACE] [REI] [REIPlugin START] Reloading Section: "start-reload/ItemComparatorRegistryImpl/"
[18:37:43] [main/TRACE] [REI] [REIPlugin START] Reloading Section: "start-reload/ItemComparatorRegistryImpl/" done in 38.70 μs
[18:37:43] [main/TRACE] [REI] [REIPlugin START] Reloading Section: "start-reload/FluidComparatorRegistryImpl/"
[18:37:43] [main/TRACE] [REI] [REIPlugin START] Reloading Section: "start-reload/FluidComparatorRegistryImpl/" done in 27.80 μs
[18:37:43] [main/TRACE] [REI] [REIPlugin START] Reloading Section: "start-reload/DisplaySerializerRegistryImpl/"
[18:37:43] [main/TRACE] [REI] [REIPlugin START] Reloading Section: "start-reload/DisplaySerializerRegistryImpl/" done in 6.700 μs
[18:37:43] [main/TRACE] [REI] [REIPlugin START] Reloading Section: "start-reload/FluidSupportProviderImpl/"
[18:37:43] [main/TRACE] [REI] [REIPlugin START] Reloading Section: "start-reload/FluidSupportProviderImpl/" done in 23.50 μs
[18:37:43] [main/TRACE] [REI] [REIPlugin START] Reloading Section: "start-reload/" done in 1.464 ms
[18:37:43] [main/DEBUG] [REI] ========================================
[18:37:43] [main/DEBUG] [REI] REIPlugin started main-reload for START.
[18:37:43] [main/DEBUG] [REI] ========================================
[18:37:43] [main/TRACE] [REI] [REIPlugin START] Reloading Section: "reloadable-plugin/EntryTypeRegistryImpl/"
[18:37:43] [main/TRACE] [REI] [REIPlugin START] Reloading Section: "reloadable-plugin/EntryTypeRegistryImpl/DefaultPlugin of DefaultPlugin [roughlyenoughitems]/"
[18:37:43] [main/TRACE] [REI] [REIPlugin START] Reloading Section: "reloadable-plugin/EntryTypeRegistryImpl/DefaultPlugin of DefaultPlugin [roughlyenoughitems]/" done in 224.1 μs
[18:37:43] [main/TRACE] [REI] [REIPlugin START] Reloading Section: "reloadable-plugin/EntryTypeRegistryImpl/FabricFluidAPISupportPlugin/"
[18:37:43] [main/TRACE] [REI] [REIPlugin START] Reloading Section: "reloadable-plugin/EntryTypeRegistryImpl/FabricFluidAPISupportPlugin/" done in 11.30 μs
[18:37:43] [main/TRACE] [REI] [REIPlugin START] Reloading Section: "reloadable-plugin/EntryTypeRegistryImpl/DefaultRuntimePlugin of DefaultRuntimePlugin [roughlyenoughitems]/"
[18:37:43] [main/TRACE] [REI] [REIPlugin START] Reloading Section: "reloadable-plugin/EntryTypeRegistryImpl/DefaultRuntimePlugin of DefaultRuntimePlugin [roughlyenoughitems]/" done in 12.37 ms
[18:37:43] [main/TRACE] [REI] [REIPlugin START] Reloading Section: "reloadable-plugin/EntryTypeRegistryImpl/AlloyForgeryCommonPlugin of AlloyForgeryCommonPlugin [alloy_forgery]/"
[18:37:43] [main/TRACE] [REI] [REIPlugin START] Reloading Section: "reloadable-plugin/EntryTypeRegistryImpl/AlloyForgeryCommonPlugin of AlloyForgeryCommonPlugin [alloy_forgery]/" done in 35.90 μs
[18:37:43] [main/TRACE] [REI] [REIPlugin START] Reloading Section: "reloadable-plugin/EntryTypeRegistryImpl/" done in 14.29 ms
[18:37:43] [main/TRACE] [REI] [REIPlugin START] Reloading Section: "reloadable-plugin/EntrySettingsAdapterRegistryImpl/"
[18:37:43] [main/TRACE] [REI] [REIPlugin START] Reloading Section: "reloadable-plugin/EntrySettingsAdapterRegistryImpl/DefaultPlugin of DefaultPlugin [roughlyenoughitems]/"
[18:37:43] [main/TRACE] [REI] [REIPlugin START] Reloading Section: "reloadable-plugin/EntrySettingsAdapterRegistryImpl/DefaultPlugin of DefaultPlugin [roughlyenoughitems]/" done in 13.60 μs
[18:37:43] [main/TRACE] [REI] [REIPlugin START] Reloading Section: "reloadable-plugin/EntrySettingsAdapterRegistryImpl/FabricFluidAPISupportPlugin/"
[18:37:43] [main/TRACE] [REI] [REIPlugin START] Reloading Section: "reloadable-plugin/EntrySettingsAdapterRegistryImpl/FabricFluidAPISupportPlugin/" done in 10.90 μs
[18:37:43] [main/TRACE] [REI] [REIPlugin START] Reloading Section: "reloadable-plugin/EntrySettingsAdapterRegistryImpl/DefaultRuntimePlugin of DefaultRuntimePlugin [roughlyenoughitems]/"
[18:37:43] [main/TRACE] [REI] [REIPlugin START] Reloading Section: "reloadable-plugin/EntrySettingsAdapterRegistryImpl/DefaultRuntimePlugin of DefaultRuntimePlugin [roughlyenoughitems]/" done in 10.00 μs
[18:37:43] [main/TRACE] [REI] [REIPlugin START] Reloading Section: "reloadable-plugin/EntrySettingsAdapterRegistryImpl/AlloyForgeryCommonPlugin of AlloyForgeryCommonPlugin [alloy_forgery]/"
[18:37:43] [main/TRACE] [REI] [REIPlugin START] Reloading Section: "reloadable-plugin/EntrySettingsAdapterRegistryImpl/AlloyForgeryCommonPlugin of AlloyForgeryCommonPlugin [alloy_forgery]/" done in 10.20 μs
[18:37:43] [main/TRACE] [REI] [REIPlugin START] Reloading Section: "reloadable-plugin/EntrySettingsAdapterRegistryImpl/" done in 482.3 μs
[18:37:43] [main/TRACE] [REI] [REIPlugin START] Reloading Section: "reloadable-plugin/RecipeManagerContextImpl/"
[18:37:43] [main/TRACE] [REI] [REIPlugin START] Reloading Section: "reloadable-plugin/RecipeManagerContextImpl/DefaultPlugin of DefaultPlugin [roughlyenoughitems]/"
[18:37:43] [main/TRACE] [REI] [REIPlugin START] Reloading Section: "reloadable-plugin/RecipeManagerContextImpl/DefaultPlugin of DefaultPlugin [roughlyenoughitems]/" done in 9.500 μs
[18:37:43] [main/TRACE] [REI] [REIPlugin START] Reloading Section: "reloadable-plugin/RecipeManagerContextImpl/FabricFluidAPISupportPlugin/"
[18:37:43] [main/TRACE] [REI] [REIPlugin START] Reloading Section: "reloadable-plugin/RecipeManagerContextImpl/FabricFluidAPISupportPlugin/" done in 8.500 μs
[18:37:43] [main/TRACE] [REI] [REIPlugin START] Reloading Section: "reloadable-plugin/RecipeManagerContextImpl/DefaultRuntimePlugin of DefaultRuntimePlugin [roughlyenoughitems]/"
[18:37:43] [main/TRACE] [REI] [REIPlugin START] Reloading Section: "reloadable-plugin/RecipeManagerContextImpl/DefaultRuntimePlugin of DefaultRuntimePlugin [roughlyenoughitems]/" done in 7.900 μs
[18:37:43] [main/TRACE] [REI] [REIPlugin START] Reloading Section: "reloadable-plugin/RecipeManagerContextImpl/AlloyForgeryCommonPlugin of AlloyForgeryCommonPlugin [alloy_forgery]/"
[18:37:43] [main/TRACE] [REI] [REIPlugin START] Reloading Section: "reloadable-plugin/RecipeManagerContextImpl/AlloyForgeryCommonPlugin of AlloyForgeryCommonPlugin [alloy_forgery]/" done in 7.500 μs
[18:37:43] [main/TRACE] [REI] [REIPlugin START] Reloading Section: "reloadable-plugin/RecipeManagerContextImpl/" done in 398.8 μs
[18:37:43] [main/TRACE] [REI] [REIPlugin START] Reloading Section: "reloadable-plugin/ItemComparatorRegistryImpl/"
[18:37:43] [main/TRACE] [REI] [REIPlugin START] Reloading Section: "reloadable-plugin/ItemComparatorRegistryImpl/DefaultPlugin of DefaultPlugin [roughlyenoughitems]/"
[18:37:43] [main/TRACE] [REI] [REIPlugin START] Reloading Section: "reloadable-plugin/ItemComparatorRegistryImpl/DefaultPlugin of DefaultPlugin [roughlyenoughitems]/" done in 869.0 μs
[18:37:43] [main/TRACE] [REI] [REIPlugin START] Reloading Section: "reloadable-plugin/ItemComparatorRegistryImpl/FabricFluidAPISupportPlugin/"
[18:37:43] [main/TRACE] [REI] [REIPlugin START] Reloading Section: "reloadable-plugin/ItemComparatorRegistryImpl/FabricFluidAPISupportPlugin/" done in 14.40 μs
[18:37:43] [main/TRACE] [REI] [REIPlugin START] Reloading Section: "reloadable-plugin/ItemComparatorRegistryImpl/DefaultRuntimePlugin of DefaultRuntimePlugin [roughlyenoughitems]/"
[18:37:43] [main/TRACE] [REI] [REIPlugin START] Reloading Section: "reloadable-plugin/ItemComparatorRegistryImpl/DefaultRuntimePlugin of DefaultRuntimePlugin [roughlyenoughitems]/" done in 10.60 μs
[18:37:43] [main/TRACE] [REI] [REIPlugin START] Reloading Section: "reloadable-plugin/ItemComparatorRegistryImpl/AlloyForgeryCommonPlugin of AlloyForgeryCommonPlugin [alloy_forgery]/"
[18:37:43] [main/TRACE] [REI] [REIPlugin START] Reloading Section: "reloadable-plugin/ItemComparatorRegistryImpl/AlloyForgeryCommonPlugin of AlloyForgeryCommonPlugin [alloy_forgery]/" done in 9.700 μs
[18:37:43] [main/TRACE] [REI] [REIPlugin START] Reloading Section: "reloadable-plugin/ItemComparatorRegistryImpl/" done in 1.374 ms
[18:37:43] [main/TRACE] [REI] [REIPlugin START] Reloading Section: "reloadable-plugin/FluidComparatorRegistryImpl/"
[18:37:43] [main/TRACE] [REI] [REIPlugin START] Reloading Section: "reloadable-plugin/FluidComparatorRegistryImpl/DefaultPlugin of DefaultPlugin [roughlyenoughitems]/"
[18:37:43] [main/TRACE] [REI] [REIPlugin START] Reloading Section: "reloadable-plugin/FluidComparatorRegistryImpl/DefaultPlugin of DefaultPlugin [roughlyenoughitems]/" done in 15.00 μs
[18:37:43] [main/TRACE] [REI] [REIPlugin START] Reloading Section: "reloadable-plugin/FluidComparatorRegistryImpl/FabricFluidAPISupportPlugin/"
[18:37:43] [main/TRACE] [REI] [REIPlugin START] Reloading Section: "reloadable-plugin/FluidComparatorRegistryImpl/FabricFluidAPISupportPlugin/" done in 8.300 μs
[18:37:43] [main/TRACE] [REI] [REIPlugin START] Reloading Section: "reloadable-plugin/FluidComparatorRegistryImpl/DefaultRuntimePlugin of DefaultRuntimePlugin [roughlyenoughitems]/"
[18:37:43] [main/TRACE] [REI] [REIPlugin START] Reloading Section: "reloadable-plugin/FluidComparatorRegistryImpl/DefaultRuntimePlugin of DefaultRuntimePlugin [roughlyenoughitems]/" done in 10.40 μs
[18:37:43] [main/TRACE] [REI] [REIPlugin START] Reloading Section: "reloadable-plugin/FluidComparatorRegistryImpl/AlloyForgeryCommonPlugin of AlloyForgeryCommonPlugin [alloy_forgery]/"
[18:37:43] [main/TRACE] [REI] [REIPlugin START] Reloading Section: "reloadable-plugin/FluidComparatorRegistryImpl/AlloyForgeryCommonPlugin of AlloyForgeryCommonPlugin [alloy_forgery]/" done in 8.500 μs
[18:37:43] [main/TRACE] [REI] [REIPlugin START] Reloading Section: "reloadable-plugin/FluidComparatorRegistryImpl/" done in 420.5 μs
[18:37:43] [main/TRACE] [REI] [REIPlugin START] Reloading Section: "reloadable-plugin/DisplaySerializerRegistryImpl/"
[18:37:43] [main/TRACE] [REI] [REIPlugin START] Reloading Section: "reloadable-plugin/DisplaySerializerRegistryImpl/DefaultPlugin of DefaultPlugin [roughlyenoughitems]/"
[18:37:43] [main/TRACE] [REI] [REIPlugin START] Reloading Section: "reloadable-plugin/DisplaySerializerRegistryImpl/DefaultPlugin of DefaultPlugin [roughlyenoughitems]/" done in 11.00 μs
[18:37:43] [main/TRACE] [REI] [REIPlugin START] Reloading Section: "reloadable-plugin/DisplaySerializerRegistryImpl/FabricFluidAPISupportPlugin/"
[18:37:43] [main/TRACE] [REI] [REIPlugin START] Reloading Section: "reloadable-plugin/DisplaySerializerRegistryImpl/FabricFluidAPISupportPlugin/" done in 10.80 μs
[18:37:43] [main/TRACE] [REI] [REIPlugin START] Reloading Section: "reloadable-plugin/DisplaySerializerRegistryImpl/DefaultRuntimePlugin of DefaultRuntimePlugin [roughlyenoughitems]/"
[18:37:43] [main/TRACE] [REI] [REIPlugin START] Reloading Section: "reloadable-plugin/DisplaySerializerRegistryImpl/DefaultRuntimePlugin of DefaultRuntimePlugin [roughlyenoughitems]/" done in 10.60 μs
[18:37:43] [main/TRACE] [REI] [REIPlugin START] Reloading Section: "reloadable-plugin/DisplaySerializerRegistryImpl/AlloyForgeryCommonPlugin of AlloyForgeryCommonPlugin [alloy_forgery]/"
[18:37:43] [main/TRACE] [REI] [REIPlugin START] Reloading Section: "reloadable-plugin/DisplaySerializerRegistryImpl/AlloyForgeryCommonPlugin of AlloyForgeryCommonPlugin [alloy_forgery]/" done in 12.10 μs
[18:37:43] [main/TRACE] [REI] [REIPlugin START] Reloading Section: "reloadable-plugin/DisplaySerializerRegistryImpl/" done in 539.1 μs
[18:37:43] [main/TRACE] [REI] [REIPlugin START] Reloading Section: "reloadable-plugin/FluidSupportProviderImpl/"
[18:37:43] [main/TRACE] [REI] [REIPlugin START] Reloading Section: "reloadable-plugin/FluidSupportProviderImpl/DefaultPlugin of DefaultPlugin [roughlyenoughitems]/"
[18:37:43] [main/TRACE] [REI] [REIPlugin START] Reloading Section: "reloadable-plugin/FluidSupportProviderImpl/DefaultPlugin of DefaultPlugin [roughlyenoughitems]/" done in 1.081 ms
[18:37:43] [main/TRACE] [REI] [REIPlugin START] Reloading Section: "reloadable-plugin/FluidSupportProviderImpl/FabricFluidAPISupportPlugin/"
[18:37:43] [main/TRACE] [REI] [REIPlugin START] Reloading Section: "reloadable-plugin/FluidSupportProviderImpl/FabricFluidAPISupportPlugin/" done in 250.1 μs
[18:37:43] [main/TRACE] [REI] [REIPlugin START] Reloading Section: "reloadable-plugin/FluidSupportProviderImpl/DefaultRuntimePlugin of DefaultRuntimePlugin [roughlyenoughitems]/"
[18:37:43] [main/TRACE] [REI] [REIPlugin START] Reloading Section: "reloadable-plugin/FluidSupportProviderImpl/DefaultRuntimePlugin of DefaultRuntimePlugin [roughlyenoughitems]/" done in 21.60 μs
[18:37:43] [main/TRACE] [REI] [REIPlugin START] Reloading Section: "reloadable-plugin/FluidSupportProviderImpl/AlloyForgeryCommonPlugin of AlloyForgeryCommonPlugin [alloy_forgery]/"
[18:37:43] [main/TRACE] [REI] [REIPlugin START] Reloading Section: "reloadable-plugin/FluidSupportProviderImpl/AlloyForgeryCommonPlugin of AlloyForgeryCommonPlugin [alloy_forgery]/" done in 21.30 μs
[18:37:43] [main/TRACE] [REI] [REIPlugin START] Reloading Section: "reloadable-plugin/FluidSupportProviderImpl/" done in 2.203 ms
[18:37:43] [main/DEBUG] [REI] ========================================
[18:37:43] [main/DEBUG] [REI] REIPlugin ending main-reload for START.
[18:37:43] [main/DEBUG] [REI] ========================================
[18:37:43] [main/TRACE] [REI] [REIPlugin START] Reloading Section: "end-reload/"
[18:37:43] [main/TRACE] [REI] [REIPlugin START] Reloading Section: "end-reload/EntryTypeRegistryImpl/"
[18:37:43] [main/TRACE] [REI] [REIPlugin START] Reloading Section: "end-reload/EntryTypeRegistryImpl/" done in 33.70 μs
[18:37:43] [main/TRACE] [REI] [REIPlugin START] Reloading Section: "end-reload/EntrySettingsAdapterRegistryImpl/"
[18:37:43] [main/TRACE] [REI] [REIPlugin START] Reloading Section: "end-reload/EntrySettingsAdapterRegistryImpl/" done in 10.00 μs
[18:37:43] [main/TRACE] [REI] [REIPlugin START] Reloading Section: "end-reload/RecipeManagerContextImpl/"
[18:37:43] [main/TRACE] [REI] [REIPlugin START] Reloading Section: "end-reload/RecipeManagerContextImpl/" done in 7.500 μs
[18:37:43] [main/TRACE] [REI] [REIPlugin START] Reloading Section: "end-reload/ItemComparatorRegistryImpl/"
[18:37:43] [main/TRACE] [REI] [REIPlugin START] Reloading Section: "end-reload/ItemComparatorRegistryImpl/" done in 10.70 μs
[18:37:43] [main/TRACE] [REI] [REIPlugin START] Reloading Section: "end-reload/FluidComparatorRegistryImpl/"
[18:37:43] [main/TRACE] [REI] [REIPlugin START] Reloading Section: "end-reload/FluidComparatorRegistryImpl/" done in 10.00 μs
[18:37:43] [main/TRACE] [REI] [REIPlugin START] Reloading Section: "end-reload/DisplaySerializerRegistryImpl/"
[18:37:43] [main/TRACE] [REI] [REIPlugin START] Reloading Section: "end-reload/DisplaySerializerRegistryImpl/" done in 8.300 μs
[18:37:43] [main/TRACE] [REI] [REIPlugin START] Reloading Section: "end-reload/FluidSupportProviderImpl/"
[18:37:43] [main/TRACE] [REI] [REIPlugin START] Reloading Section: "end-reload/FluidSupportProviderImpl/" done in 6.500 μs
[18:37:43] [main/TRACE] [REI] [REIPlugin START] Reloading Section: "end-reload/" done in 973.7 μs
[18:37:43] [main/DEBUG] [REI] ========================================
[18:37:43] [main/DEBUG] [REI] REIPlugin ended main-reload for START in 26.32 ms.
[18:37:43] [main/DEBUG] [REI] ========================================
[18:37:43] [main/INFO] [REI] %%%%%%%%%%%%%%%%%%%%%%%%%%%%%%%%%%%%%%%%
[18:37:43] [main/INFO] [REI] REIServerPlugin starting main-reload for START.
[18:37:43] [main/DEBUG] [REI] Reloadables (1):
[18:37:43] [main/DEBUG] [REI]  - MenuInfoRegistryImpl
[18:37:43] [main/INFO] [REI] Plugins (4):
[18:37:43] [main/INFO] [REI]  - (-100,00) DefaultPlugin of DefaultPlugin [roughlyenoughitems]
[18:37:43] [main/INFO] [REI]  - (0,00) FabricFluidAPISupportPlugin
[18:37:43] [main/INFO] [REI]  - (0,00) DefaultRuntimePlugin of DefaultRuntimePlugin [roughlyenoughitems]
[18:37:43] [main/INFO] [REI]  - (0,00) AlloyForgeryCommonPlugin of AlloyForgeryCommonPlugin [alloy_forgery]
[18:37:43] [main/INFO] [REI] %%%%%%%%%%%%%%%%%%%%%%%%%%%%%%%%%%%%%%%%
[18:37:43] [main/TRACE] [REI] [REIServerPlugin START] Reloading Section: "start-reload/"
[18:37:43] [main/TRACE] [REI] [REIServerPlugin START] Reloading Section: "start-reload/MenuInfoRegistryImpl/"
[18:37:43] [main/TRACE] [REI] [REIServerPlugin START] Reloading Section: "start-reload/MenuInfoRegistryImpl/" done in 13.80 μs
[18:37:43] [main/TRACE] [REI] [REIServerPlugin START] Reloading Section: "start-reload/" done in 110.8 μs
[18:37:43] [main/DEBUG] [REI] ========================================
[18:37:43] [main/DEBUG] [REI] REIServerPlugin started main-reload for START.
[18:37:43] [main/DEBUG] [REI] ========================================
[18:37:43] [main/TRACE] [REI] [REIServerPlugin START] Reloading Section: "reloadable-plugin/MenuInfoRegistryImpl/"
[18:37:43] [main/TRACE] [REI] [REIServerPlugin START] Reloading Section: "reloadable-plugin/MenuInfoRegistryImpl/DefaultPlugin of DefaultPlugin [roughlyenoughitems]/"
[18:37:43] [main/TRACE] [REI] [REIServerPlugin START] Reloading Section: "reloadable-plugin/MenuInfoRegistryImpl/DefaultPlugin of DefaultPlugin [roughlyenoughitems]/" done in 14.30 μs
[18:37:43] [main/TRACE] [REI] [REIServerPlugin START] Reloading Section: "reloadable-plugin/MenuInfoRegistryImpl/FabricFluidAPISupportPlugin/"
[18:37:43] [main/TRACE] [REI] [REIServerPlugin START] Reloading Section: "reloadable-plugin/MenuInfoRegistryImpl/FabricFluidAPISupportPlugin/" done in 6.500 μs
[18:37:43] [main/TRACE] [REI] [REIServerPlugin START] Reloading Section: "reloadable-plugin/MenuInfoRegistryImpl/DefaultRuntimePlugin of DefaultRuntimePlugin [roughlyenoughitems]/"
[18:37:43] [main/TRACE] [REI] [REIServerPlugin START] Reloading Section: "reloadable-plugin/MenuInfoRegistryImpl/DefaultRuntimePlugin of DefaultRuntimePlugin [roughlyenoughitems]/" done in 6.200 μs
[18:37:43] [main/TRACE] [REI] [REIServerPlugin START] Reloading Section: "reloadable-plugin/MenuInfoRegistryImpl/AlloyForgeryCommonPlugin of AlloyForgeryCommonPlugin [alloy_forgery]/"
[18:37:43] [main/TRACE] [REI] [REIServerPlugin START] Reloading Section: "reloadable-plugin/MenuInfoRegistryImpl/AlloyForgeryCommonPlugin of AlloyForgeryCommonPlugin [alloy_forgery]/" done in 6.700 μs
[18:37:43] [main/TRACE] [REI] [REIServerPlugin START] Reloading Section: "reloadable-plugin/MenuInfoRegistryImpl/" done in 347.7 μs
[18:37:43] [main/DEBUG] [REI] ========================================
[18:37:43] [main/DEBUG] [REI] REIServerPlugin ending main-reload for START.
[18:37:43] [main/DEBUG] [REI] ========================================
[18:37:43] [main/TRACE] [REI] [REIServerPlugin START] Reloading Section: "end-reload/"
[18:37:43] [main/TRACE] [REI] [REIServerPlugin START] Reloading Section: "end-reload/MenuInfoRegistryImpl/"
[18:37:43] [main/TRACE] [REI] [REIServerPlugin START] Reloading Section: "end-reload/MenuInfoRegistryImpl/" done in 4.900 μs
[18:37:43] [main/TRACE] [REI] [REIServerPlugin START] Reloading Section: "end-reload/" done in 85.60 μs
[18:37:43] [main/DEBUG] [REI] ========================================
[18:37:43] [main/DEBUG] [REI] REIServerPlugin ended main-reload for START in 2.644 ms.
[18:37:43] [main/DEBUG] [REI] ========================================
[18:37:43] [main/DEBUG] [REI] ========================================
[18:37:43] [main/DEBUG] [REI] REIPlugin starting post-reload for START.
[18:37:43] [main/DEBUG] [REI] Reloadables (7):
[18:37:43] [main/DEBUG] [REI]  - EntryTypeRegistryImpl
[18:37:43] [main/DEBUG] [REI]  - EntrySettingsAdapterRegistryImpl
[18:37:43] [main/DEBUG] [REI]  - RecipeManagerContextImpl
[18:37:43] [main/DEBUG] [REI]  - ItemComparatorRegistryImpl
[18:37:43] [main/DEBUG] [REI]  - FluidComparatorRegistryImpl
[18:37:43] [main/DEBUG] [REI]  - DisplaySerializerRegistryImpl
[18:37:43] [main/DEBUG] [REI]  - FluidSupportProviderImpl
[18:37:43] [main/DEBUG] [REI] Plugins (4):
[18:37:43] [main/DEBUG] [REI]  - (-100,00) DefaultPlugin of DefaultPlugin [roughlyenoughitems]
[18:37:43] [main/DEBUG] [REI]  - (0,00) FabricFluidAPISupportPlugin
[18:37:43] [main/DEBUG] [REI]  - (0,00) DefaultRuntimePlugin of DefaultRuntimePlugin [roughlyenoughitems]
[18:37:43] [main/DEBUG] [REI]  - (0,00) AlloyForgeryCommonPlugin of AlloyForgeryCommonPlugin [alloy_forgery]
[18:37:43] [main/DEBUG] [REI] ========================================
[18:37:43] [main/TRACE] [REI] [REIPlugin START] Reloading Section: "post-register/"
[18:37:43] [main/TRACE] [REI] [REIPlugin START] Reloading Section: "post-register/DefaultPlugin of DefaultPlugin [roughlyenoughitems]/"
[18:37:43] [main/TRACE] [REI] [REIPlugin START] Reloading Section: "post-register/DefaultPlugin of DefaultPlugin [roughlyenoughitems]/" done in 157.0 μs
[18:37:43] [main/TRACE] [REI] [REIPlugin START] Reloading Section: "post-register/FabricFluidAPISupportPlugin/"
[18:37:43] [main/TRACE] [REI] [REIPlugin START] Reloading Section: "post-register/FabricFluidAPISupportPlugin/" done in 12.50 μs
[18:37:43] [main/TRACE] [REI] [REIPlugin START] Reloading Section: "post-register/DefaultRuntimePlugin of DefaultRuntimePlugin [roughlyenoughitems]/"
[18:37:43] [main/TRACE] [REI] [REIPlugin START] Reloading Section: "post-register/DefaultRuntimePlugin of DefaultRuntimePlugin [roughlyenoughitems]/" done in 9.600 μs
[18:37:43] [main/TRACE] [REI] [REIPlugin START] Reloading Section: "post-register/AlloyForgeryCommonPlugin of AlloyForgeryCommonPlugin [alloy_forgery]/"
[18:37:43] [main/TRACE] [REI] [REIPlugin START] Reloading Section: "post-register/AlloyForgeryCommonPlugin of AlloyForgeryCommonPlugin [alloy_forgery]/" done in 8.200 μs
[18:37:43] [main/TRACE] [REI] [REIPlugin START] Reloading Section: "post-register/" done in 892.0 μs
[18:37:43] [main/DEBUG] [REI] ========================================
[18:37:43] [main/INFO] [REI] REIPlugin finished post-reload for START in 990.5 μs, totaling 57.42 ms.
[18:37:43] [main/DEBUG] [REI] ========================================
[18:37:43] [main/DEBUG] [REI] ========================================
[18:37:43] [main/DEBUG] [REI] REIServerPlugin starting post-reload for START.
[18:37:43] [main/DEBUG] [REI] Reloadables (1):
[18:37:43] [main/DEBUG] [REI]  - MenuInfoRegistryImpl
[18:37:43] [main/DEBUG] [REI] Plugins (4):
[18:37:43] [main/DEBUG] [REI]  - (-100,00) DefaultPlugin of DefaultPlugin [roughlyenoughitems]
[18:37:43] [main/DEBUG] [REI]  - (0,00) FabricFluidAPISupportPlugin
[18:37:43] [main/DEBUG] [REI]  - (0,00) DefaultRuntimePlugin of DefaultRuntimePlugin [roughlyenoughitems]
[18:37:43] [main/DEBUG] [REI]  - (0,00) AlloyForgeryCommonPlugin of AlloyForgeryCommonPlugin [alloy_forgery]
[18:37:43] [main/DEBUG] [REI] ========================================
[18:37:43] [main/TRACE] [REI] [REIServerPlugin START] Reloading Section: "post-register/"
[18:37:43] [main/TRACE] [REI] [REIServerPlugin START] Reloading Section: "post-register/DefaultPlugin of DefaultPlugin [roughlyenoughitems]/"
[18:37:43] [main/TRACE] [REI] [REIServerPlugin START] Reloading Section: "post-register/DefaultPlugin of DefaultPlugin [roughlyenoughitems]/" done in 10.20 μs
[18:37:43] [main/TRACE] [REI] [REIServerPlugin START] Reloading Section: "post-register/FabricFluidAPISupportPlugin/"
[18:37:43] [main/TRACE] [REI] [REIServerPlugin START] Reloading Section: "post-register/FabricFluidAPISupportPlugin/" done in 8.400 μs
[18:37:43] [main/TRACE] [REI] [REIServerPlugin START] Reloading Section: "post-register/DefaultRuntimePlugin of DefaultRuntimePlugin [roughlyenoughitems]/"
[18:37:43] [main/TRACE] [REI] [REIServerPlugin START] Reloading Section: "post-register/DefaultRuntimePlugin of DefaultRuntimePlugin [roughlyenoughitems]/" done in 7.200 μs
[18:37:43] [main/TRACE] [REI] [REIServerPlugin START] Reloading Section: "post-register/AlloyForgeryCommonPlugin of AlloyForgeryCommonPlugin [alloy_forgery]/"
[18:37:43] [main/TRACE] [REI] [REIServerPlugin START] Reloading Section: "post-register/AlloyForgeryCommonPlugin of AlloyForgeryCommonPlugin [alloy_forgery]/" done in 6.500 μs
[18:37:43] [main/TRACE] [REI] [REIServerPlugin START] Reloading Section: "post-register/" done in 288.5 μs
[18:37:43] [main/DEBUG] [REI] ========================================
[18:37:43] [main/INFO] [REI] REIServerPlugin finished post-reload for START in 343.6 μs, totaling 3.689 ms.
[18:37:43] [main/DEBUG] [REI] ========================================
[18:37:43] [main/DEBUG] [REI] ========================================
[18:37:43] [main/DEBUG] [REI] REIPlugin starting pre-reload for END.
[18:37:43] [main/DEBUG] [REI] Reloadables (7):
[18:37:43] [main/DEBUG] [REI]  - EntryTypeRegistryImpl
[18:37:43] [main/DEBUG] [REI]  - EntrySettingsAdapterRegistryImpl
[18:37:43] [main/DEBUG] [REI]  - RecipeManagerContextImpl
[18:37:43] [main/DEBUG] [REI]  - ItemComparatorRegistryImpl
[18:37:43] [main/DEBUG] [REI]  - FluidComparatorRegistryImpl
[18:37:43] [main/DEBUG] [REI]  - DisplaySerializerRegistryImpl
[18:37:43] [main/DEBUG] [REI]  - FluidSupportProviderImpl
[18:37:43] [main/DEBUG] [REI] Plugins (4):
[18:37:43] [main/DEBUG] [REI]  - (-100,00) DefaultPlugin of DefaultPlugin [roughlyenoughitems]
[18:37:43] [main/DEBUG] [REI]  - (0,00) FabricFluidAPISupportPlugin
[18:37:43] [main/DEBUG] [REI]  - (0,00) DefaultRuntimePlugin of DefaultRuntimePlugin [roughlyenoughitems]
[18:37:43] [main/DEBUG] [REI]  - (0,00) AlloyForgeryCommonPlugin of AlloyForgeryCommonPlugin [alloy_forgery]
[18:37:43] [main/DEBUG] [REI] ========================================
[18:37:43] [main/TRACE] [REI] [REIPlugin END] Reloading Section: "pre-register/"
[18:37:43] [main/TRACE] [REI] [REIPlugin END] Reloading Section: "pre-register/DefaultPlugin of DefaultPlugin [roughlyenoughitems]/"
[18:37:43] [main/TRACE] [REI] [REIPlugin END] Reloading Section: "pre-register/DefaultPlugin of DefaultPlugin [roughlyenoughitems]/" done in 9.300 μs
[18:37:43] [main/TRACE] [REI] [REIPlugin END] Reloading Section: "pre-register/FabricFluidAPISupportPlugin/"
[18:37:43] [main/TRACE] [REI] [REIPlugin END] Reloading Section: "pre-register/FabricFluidAPISupportPlugin/" done in 6.100 μs
[18:37:43] [main/TRACE] [REI] [REIPlugin END] Reloading Section: "pre-register/DefaultRuntimePlugin of DefaultRuntimePlugin [roughlyenoughitems]/"
[18:37:43] [main/TRACE] [REI] [REIPlugin END] Reloading Section: "pre-register/DefaultRuntimePlugin of DefaultRuntimePlugin [roughlyenoughitems]/" done in 6.400 μs
[18:37:43] [main/TRACE] [REI] [REIPlugin END] Reloading Section: "pre-register/AlloyForgeryCommonPlugin of AlloyForgeryCommonPlugin [alloy_forgery]/"
[18:37:43] [main/TRACE] [REI] [REIPlugin END] Reloading Section: "pre-register/AlloyForgeryCommonPlugin of AlloyForgeryCommonPlugin [alloy_forgery]/" done in 6.200 μs
[18:37:43] [main/TRACE] [REI] [REIPlugin END] Reloading Section: "pre-register/" done in 279.2 μs
[18:37:43] [main/DEBUG] [REI] ========================================
[18:37:43] [main/DEBUG] [REI] REIPlugin finished pre-reload for END in 335.8 μs.
[18:37:43] [main/DEBUG] [REI] ========================================
[18:37:43] [main/DEBUG] [REI] ========================================
[18:37:43] [main/DEBUG] [REI] REIServerPlugin starting pre-reload for END.
[18:37:43] [main/DEBUG] [REI] Reloadables (1):
[18:37:43] [main/DEBUG] [REI]  - MenuInfoRegistryImpl
[18:37:43] [main/DEBUG] [REI] Plugins (4):
[18:37:43] [main/DEBUG] [REI]  - (-100,00) DefaultPlugin of DefaultPlugin [roughlyenoughitems]
[18:37:43] [main/DEBUG] [REI]  - (0,00) FabricFluidAPISupportPlugin
[18:37:43] [main/DEBUG] [REI]  - (0,00) DefaultRuntimePlugin of DefaultRuntimePlugin [roughlyenoughitems]
[18:37:43] [main/DEBUG] [REI]  - (0,00) AlloyForgeryCommonPlugin of AlloyForgeryCommonPlugin [alloy_forgery]
[18:37:43] [main/DEBUG] [REI] ========================================
[18:37:43] [main/TRACE] [REI] [REIServerPlugin END] Reloading Section: "pre-register/"
[18:37:43] [main/TRACE] [REI] [REIServerPlugin END] Reloading Section: "pre-register/DefaultPlugin of DefaultPlugin [roughlyenoughitems]/"
[18:37:43] [main/TRACE] [REI] [REIServerPlugin END] Reloading Section: "pre-register/DefaultPlugin of DefaultPlugin [roughlyenoughitems]/" done in 8.000 μs
[18:37:43] [main/TRACE] [REI] [REIServerPlugin END] Reloading Section: "pre-register/FabricFluidAPISupportPlugin/"
[18:37:43] [main/TRACE] [REI] [REIServerPlugin END] Reloading Section: "pre-register/FabricFluidAPISupportPlugin/" done in 6.300 μs
[18:37:43] [main/TRACE] [REI] [REIServerPlugin END] Reloading Section: "pre-register/DefaultRuntimePlugin of DefaultRuntimePlugin [roughlyenoughitems]/"
[18:37:43] [main/TRACE] [REI] [REIServerPlugin END] Reloading Section: "pre-register/DefaultRuntimePlugin of DefaultRuntimePlugin [roughlyenoughitems]/" done in 5.600 μs
[18:37:43] [main/TRACE] [REI] [REIServerPlugin END] Reloading Section: "pre-register/AlloyForgeryCommonPlugin of AlloyForgeryCommonPlugin [alloy_forgery]/"
[18:37:43] [main/TRACE] [REI] [REIServerPlugin END] Reloading Section: "pre-register/AlloyForgeryCommonPlugin of AlloyForgeryCommonPlugin [alloy_forgery]/" done in 8.200 μs
[18:37:43] [main/TRACE] [REI] [REIServerPlugin END] Reloading Section: "pre-register/" done in 340.5 μs
[18:37:43] [main/DEBUG] [REI] ========================================
[18:37:43] [main/DEBUG] [REI] REIServerPlugin finished pre-reload for END in 417.3 μs.
[18:37:43] [main/DEBUG] [REI] ========================================
[18:37:43] [main/INFO] [REI] ****************************************
[18:37:43] [main/INFO] [REI] REIPlugin starting main-reload for END.
[18:37:43] [main/DEBUG] [REI] Reloadables (7):
[18:37:43] [main/DEBUG] [REI]  - EntryTypeRegistryImpl
[18:37:43] [main/DEBUG] [REI]  - EntrySettingsAdapterRegistryImpl
[18:37:43] [main/DEBUG] [REI]  - RecipeManagerContextImpl
[18:37:43] [main/DEBUG] [REI]  - ItemComparatorRegistryImpl
[18:37:43] [main/DEBUG] [REI]  - FluidComparatorRegistryImpl
[18:37:43] [main/DEBUG] [REI]  - DisplaySerializerRegistryImpl
[18:37:43] [main/DEBUG] [REI]  - FluidSupportProviderImpl
[18:37:43] [main/INFO] [REI] Plugins (4):
[18:37:43] [main/INFO] [REI]  - (-100,00) DefaultPlugin of DefaultPlugin [roughlyenoughitems]
[18:37:43] [main/INFO] [REI]  - (0,00) FabricFluidAPISupportPlugin
[18:37:43] [main/INFO] [REI]  - (0,00) DefaultRuntimePlugin of DefaultRuntimePlugin [roughlyenoughitems]
[18:37:43] [main/INFO] [REI]  - (0,00) AlloyForgeryCommonPlugin of AlloyForgeryCommonPlugin [alloy_forgery]
[18:37:43] [main/INFO] [REI] ****************************************
[18:37:43] [main/TRACE] [REI] [REIPlugin END] Reloading Section: "start-reload/"
[18:37:43] [main/TRACE] [REI] [REIPlugin END] Reloading Section: "start-reload/EntryTypeRegistryImpl/"
[18:37:43] [main/TRACE] [REI] [REIPlugin END] Reloading Section: "start-reload/EntryTypeRegistryImpl/" done in 15.70 μs
[18:37:43] [main/TRACE] [REI] [REIPlugin END] Reloading Section: "start-reload/EntrySettingsAdapterRegistryImpl/"
[18:37:43] [main/TRACE] [REI] [REIPlugin END] Reloading Section: "start-reload/EntrySettingsAdapterRegistryImpl/" done in 28.40 μs
[18:37:43] [main/TRACE] [REI] [REIPlugin END] Reloading Section: "start-reload/RecipeManagerContextImpl/"
[18:37:43] [main/TRACE] [REI] [REIPlugin END] Reloading Section: "start-reload/RecipeManagerContextImpl/" done in 8.500 μs
[18:37:43] [main/TRACE] [REI] [REIPlugin END] Reloading Section: "start-reload/ItemComparatorRegistryImpl/"
[18:37:43] [main/TRACE] [REI] [REIPlugin END] Reloading Section: "start-reload/ItemComparatorRegistryImpl/" done in 4.600 μs
[18:37:43] [main/TRACE] [REI] [REIPlugin END] Reloading Section: "start-reload/FluidComparatorRegistryImpl/"
[18:37:43] [main/TRACE] [REI] [REIPlugin END] Reloading Section: "start-reload/FluidComparatorRegistryImpl/" done in 4.000 μs
[18:37:43] [main/TRACE] [REI] [REIPlugin END] Reloading Section: "start-reload/DisplaySerializerRegistryImpl/"
[18:37:43] [main/TRACE] [REI] [REIPlugin END] Reloading Section: "start-reload/DisplaySerializerRegistryImpl/" done in 10.50 μs
[18:37:43] [main/TRACE] [REI] [REIPlugin END] Reloading Section: "start-reload/FluidSupportProviderImpl/"
[18:37:43] [main/TRACE] [REI] [REIPlugin END] Reloading Section: "start-reload/FluidSupportProviderImpl/" done in 4.200 μs
[18:37:43] [main/TRACE] [REI] [REIPlugin END] Reloading Section: "start-reload/" done in 568.7 μs
[18:37:43] [main/DEBUG] [REI] ========================================
[18:37:43] [main/DEBUG] [REI] REIPlugin started main-reload for END.
[18:37:43] [main/DEBUG] [REI] ========================================
[18:37:43] [main/TRACE] [REI] [REIPlugin END] Reloading Section: "reloadable-plugin/EntryTypeRegistryImpl/"
[18:37:43] [main/TRACE] [REI] [REIPlugin END] Reloading Section: "reloadable-plugin/EntryTypeRegistryImpl/DefaultPlugin of DefaultPlugin [roughlyenoughitems]/"
[18:37:43] [main/TRACE] [REI] [REIPlugin END] Reloading Section: "reloadable-plugin/EntryTypeRegistryImpl/DefaultPlugin of DefaultPlugin [roughlyenoughitems]/" done in 21.70 μs
[18:37:43] [main/TRACE] [REI] [REIPlugin END] Reloading Section: "reloadable-plugin/EntryTypeRegistryImpl/FabricFluidAPISupportPlugin/"
[18:37:43] [main/TRACE] [REI] [REIPlugin END] Reloading Section: "reloadable-plugin/EntryTypeRegistryImpl/FabricFluidAPISupportPlugin/" done in 15.30 μs
[18:37:43] [main/TRACE] [REI] [REIPlugin END] Reloading Section: "reloadable-plugin/EntryTypeRegistryImpl/DefaultRuntimePlugin of DefaultRuntimePlugin [roughlyenoughitems]/"
[18:37:43] [main/TRACE] [REI] [REIPlugin END] Reloading Section: "reloadable-plugin/EntryTypeRegistryImpl/DefaultRuntimePlugin of DefaultRuntimePlugin [roughlyenoughitems]/" done in 13.50 μs
[18:37:43] [main/TRACE] [REI] [REIPlugin END] Reloading Section: "reloadable-plugin/EntryTypeRegistryImpl/AlloyForgeryCommonPlugin of AlloyForgeryCommonPlugin [alloy_forgery]/"
[18:37:43] [main/TRACE] [REI] [REIPlugin END] Reloading Section: "reloadable-plugin/EntryTypeRegistryImpl/AlloyForgeryCommonPlugin of AlloyForgeryCommonPlugin [alloy_forgery]/" done in 15.00 μs
[18:37:43] [main/TRACE] [REI] [REIPlugin END] Reloading Section: "reloadable-plugin/EntryTypeRegistryImpl/" done in 550.2 μs
[18:37:43] [main/TRACE] [REI] [REIPlugin END] Reloading Section: "reloadable-plugin/EntrySettingsAdapterRegistryImpl/"
[18:37:43] [main/TRACE] [REI] [REIPlugin END] Reloading Section: "reloadable-plugin/EntrySettingsAdapterRegistryImpl/DefaultPlugin of DefaultPlugin [roughlyenoughitems]/"
[18:37:43] [main/TRACE] [REI] [REIPlugin END] Reloading Section: "reloadable-plugin/EntrySettingsAdapterRegistryImpl/DefaultPlugin of DefaultPlugin [roughlyenoughitems]/" done in 19.40 μs
[18:37:43] [main/TRACE] [REI] [REIPlugin END] Reloading Section: "reloadable-plugin/EntrySettingsAdapterRegistryImpl/FabricFluidAPISupportPlugin/"
[18:37:43] [main/TRACE] [REI] [REIPlugin END] Reloading Section: "reloadable-plugin/EntrySettingsAdapterRegistryImpl/FabricFluidAPISupportPlugin/" done in 8.100 μs
[18:37:43] [main/TRACE] [REI] [REIPlugin END] Reloading Section: "reloadable-plugin/EntrySettingsAdapterRegistryImpl/DefaultRuntimePlugin of DefaultRuntimePlugin [roughlyenoughitems]/"
[18:37:43] [main/TRACE] [REI] [REIPlugin END] Reloading Section: "reloadable-plugin/EntrySettingsAdapterRegistryImpl/DefaultRuntimePlugin of DefaultRuntimePlugin [roughlyenoughitems]/" done in 7.500 μs
[18:37:43] [main/TRACE] [REI] [REIPlugin END] Reloading Section: "reloadable-plugin/EntrySettingsAdapterRegistryImpl/AlloyForgeryCommonPlugin of AlloyForgeryCommonPlugin [alloy_forgery]/"
[18:37:43] [main/TRACE] [REI] [REIPlugin END] Reloading Section: "reloadable-plugin/EntrySettingsAdapterRegistryImpl/AlloyForgeryCommonPlugin of AlloyForgeryCommonPlugin [alloy_forgery]/" done in 8.700 μs
[18:37:43] [main/TRACE] [REI] [REIPlugin END] Reloading Section: "reloadable-plugin/EntrySettingsAdapterRegistryImpl/" done in 336.4 μs
[18:37:43] [main/TRACE] [REI] [REIPlugin END] Reloading Section: "reloadable-plugin/RecipeManagerContextImpl/"
[18:37:43] [main/TRACE] [REI] [REIPlugin END] Reloading Section: "reloadable-plugin/RecipeManagerContextImpl/DefaultPlugin of DefaultPlugin [roughlyenoughitems]/"
[18:37:43] [main/TRACE] [REI] [REIPlugin END] Reloading Section: "reloadable-plugin/RecipeManagerContextImpl/DefaultPlugin of DefaultPlugin [roughlyenoughitems]/" done in 8.900 μs
[18:37:43] [main/TRACE] [REI] [REIPlugin END] Reloading Section: "reloadable-plugin/RecipeManagerContextImpl/FabricFluidAPISupportPlugin/"
[18:37:43] [main/TRACE] [REI] [REIPlugin END] Reloading Section: "reloadable-plugin/RecipeManagerContextImpl/FabricFluidAPISupportPlugin/" done in 31.70 μs
[18:37:43] [main/TRACE] [REI] [REIPlugin END] Reloading Section: "reloadable-plugin/RecipeManagerContextImpl/DefaultRuntimePlugin of DefaultRuntimePlugin [roughlyenoughitems]/"
[18:37:43] [main/TRACE] [REI] [REIPlugin END] Reloading Section: "reloadable-plugin/RecipeManagerContextImpl/DefaultRuntimePlugin of DefaultRuntimePlugin [roughlyenoughitems]/" done in 6.800 μs
[18:37:43] [main/TRACE] [REI] [REIPlugin END] Reloading Section: "reloadable-plugin/RecipeManagerContextImpl/AlloyForgeryCommonPlugin of AlloyForgeryCommonPlugin [alloy_forgery]/"
[18:37:43] [main/TRACE] [REI] [REIPlugin END] Reloading Section: "reloadable-plugin/RecipeManagerContextImpl/AlloyForgeryCommonPlugin of AlloyForgeryCommonPlugin [alloy_forgery]/" done in 6.600 μs
[18:37:43] [main/TRACE] [REI] [REIPlugin END] Reloading Section: "reloadable-plugin/RecipeManagerContextImpl/" done in 342.5 μs
[18:37:43] [main/TRACE] [REI] [REIPlugin END] Reloading Section: "reloadable-plugin/ItemComparatorRegistryImpl/"
[18:37:43] [main/TRACE] [REI] [REIPlugin END] Reloading Section: "reloadable-plugin/ItemComparatorRegistryImpl/DefaultPlugin of DefaultPlugin [roughlyenoughitems]/"
[18:37:43] [main/TRACE] [REI] [REIPlugin END] Reloading Section: "reloadable-plugin/ItemComparatorRegistryImpl/DefaultPlugin of DefaultPlugin [roughlyenoughitems]/" done in 6.500 μs
[18:37:43] [main/TRACE] [REI] [REIPlugin END] Reloading Section: "reloadable-plugin/ItemComparatorRegistryImpl/FabricFluidAPISupportPlugin/"
[18:37:43] [main/TRACE] [REI] [REIPlugin END] Reloading Section: "reloadable-plugin/ItemComparatorRegistryImpl/FabricFluidAPISupportPlugin/" done in 6.400 μs
[18:37:43] [main/TRACE] [REI] [REIPlugin END] Reloading Section: "reloadable-plugin/ItemComparatorRegistryImpl/DefaultRuntimePlugin of DefaultRuntimePlugin [roughlyenoughitems]/"
[18:37:43] [main/TRACE] [REI] [REIPlugin END] Reloading Section: "reloadable-plugin/ItemComparatorRegistryImpl/DefaultRuntimePlugin of DefaultRuntimePlugin [roughlyenoughitems]/" done in 6.400 μs
[18:37:43] [main/TRACE] [REI] [REIPlugin END] Reloading Section: "reloadable-plugin/ItemComparatorRegistryImpl/AlloyForgeryCommonPlugin of AlloyForgeryCommonPlugin [alloy_forgery]/"
[18:37:43] [main/TRACE] [REI] [REIPlugin END] Reloading Section: "reloadable-plugin/ItemComparatorRegistryImpl/AlloyForgeryCommonPlugin of AlloyForgeryCommonPlugin [alloy_forgery]/" done in 6.500 μs
[18:37:43] [main/TRACE] [REI] [REIPlugin END] Reloading Section: "reloadable-plugin/ItemComparatorRegistryImpl/" done in 264.8 μs
[18:37:43] [main/TRACE] [REI] [REIPlugin END] Reloading Section: "reloadable-plugin/FluidComparatorRegistryImpl/"
[18:37:43] [main/TRACE] [REI] [REIPlugin END] Reloading Section: "reloadable-plugin/FluidComparatorRegistryImpl/DefaultPlugin of DefaultPlugin [roughlyenoughitems]/"
[18:37:43] [main/TRACE] [REI] [REIPlugin END] Reloading Section: "reloadable-plugin/FluidComparatorRegistryImpl/DefaultPlugin of DefaultPlugin [roughlyenoughitems]/" done in 6.100 μs
[18:37:43] [main/TRACE] [REI] [REIPlugin END] Reloading Section: "reloadable-plugin/FluidComparatorRegistryImpl/FabricFluidAPISupportPlugin/"
[18:37:43] [main/TRACE] [REI] [REIPlugin END] Reloading Section: "reloadable-plugin/FluidComparatorRegistryImpl/FabricFluidAPISupportPlugin/" done in 13.30 μs
[18:37:43] [main/TRACE] [REI] [REIPlugin END] Reloading Section: "reloadable-plugin/FluidComparatorRegistryImpl/DefaultRuntimePlugin of DefaultRuntimePlugin [roughlyenoughitems]/"
[18:37:43] [main/TRACE] [REI] [REIPlugin END] Reloading Section: "reloadable-plugin/FluidComparatorRegistryImpl/DefaultRuntimePlugin of DefaultRuntimePlugin [roughlyenoughitems]/" done in 12.10 μs
[18:37:43] [main/TRACE] [REI] [REIPlugin END] Reloading Section: "reloadable-plugin/FluidComparatorRegistryImpl/AlloyForgeryCommonPlugin of AlloyForgeryCommonPlugin [alloy_forgery]/"
[18:37:43] [main/TRACE] [REI] [REIPlugin END] Reloading Section: "reloadable-plugin/FluidComparatorRegistryImpl/AlloyForgeryCommonPlugin of AlloyForgeryCommonPlugin [alloy_forgery]/" done in 7.400 μs
[18:37:43] [main/TRACE] [REI] [REIPlugin END] Reloading Section: "reloadable-plugin/FluidComparatorRegistryImpl/" done in 372.6 μs
[18:37:43] [main/TRACE] [REI] [REIPlugin END] Reloading Section: "reloadable-plugin/DisplaySerializerRegistryImpl/"
[18:37:43] [main/TRACE] [REI] [REIPlugin END] Reloading Section: "reloadable-plugin/DisplaySerializerRegistryImpl/DefaultPlugin of DefaultPlugin [roughlyenoughitems]/"
[18:37:43] [main/TRACE] [REI] [REIPlugin END] Reloading Section: "reloadable-plugin/DisplaySerializerRegistryImpl/DefaultPlugin of DefaultPlugin [roughlyenoughitems]/" done in 52.88 ms
[18:37:43] [main/TRACE] [REI] [REIPlugin END] Reloading Section: "reloadable-plugin/DisplaySerializerRegistryImpl/FabricFluidAPISupportPlugin/"
[18:37:43] [main/TRACE] [REI] [REIPlugin END] Reloading Section: "reloadable-plugin/DisplaySerializerRegistryImpl/FabricFluidAPISupportPlugin/" done in 41.90 μs
[18:37:43] [main/TRACE] [REI] [REIPlugin END] Reloading Section: "reloadable-plugin/DisplaySerializerRegistryImpl/DefaultRuntimePlugin of DefaultRuntimePlugin [roughlyenoughitems]/"
[18:37:43] [main/TRACE] [REI] [REIPlugin END] Reloading Section: "reloadable-plugin/DisplaySerializerRegistryImpl/DefaultRuntimePlugin of DefaultRuntimePlugin [roughlyenoughitems]/" done in 10.50 μs
[18:37:43] [main/TRACE] [REI] [REIPlugin END] Reloading Section: "reloadable-plugin/DisplaySerializerRegistryImpl/AlloyForgeryCommonPlugin of AlloyForgeryCommonPlugin [alloy_forgery]/"
[18:37:43] [main/TRACE] [REI] [REIPlugin END] Reloading Section: "reloadable-plugin/DisplaySerializerRegistryImpl/AlloyForgeryCommonPlugin of AlloyForgeryCommonPlugin [alloy_forgery]/" done in 1.950 ms
[18:37:43] [main/TRACE] [REI] [REIPlugin END] Reloading Section: "reloadable-plugin/DisplaySerializerRegistryImpl/" done in 55.98 ms
[18:37:43] [main/TRACE] [REI] [REIPlugin END] Reloading Section: "reloadable-plugin/FluidSupportProviderImpl/"
[18:37:43] [main/TRACE] [REI] [REIPlugin END] Reloading Section: "reloadable-plugin/FluidSupportProviderImpl/DefaultPlugin of DefaultPlugin [roughlyenoughitems]/"
[18:37:43] [main/TRACE] [REI] [REIPlugin END] Reloading Section: "reloadable-plugin/FluidSupportProviderImpl/DefaultPlugin of DefaultPlugin [roughlyenoughitems]/" done in 19.40 μs
[18:37:43] [main/TRACE] [REI] [REIPlugin END] Reloading Section: "reloadable-plugin/FluidSupportProviderImpl/FabricFluidAPISupportPlugin/"
[18:37:43] [main/TRACE] [REI] [REIPlugin END] Reloading Section: "reloadable-plugin/FluidSupportProviderImpl/FabricFluidAPISupportPlugin/" done in 10.60 μs
[18:37:43] [main/TRACE] [REI] [REIPlugin END] Reloading Section: "reloadable-plugin/FluidSupportProviderImpl/DefaultRuntimePlugin of DefaultRuntimePlugin [roughlyenoughitems]/"
[18:37:43] [main/TRACE] [REI] [REIPlugin END] Reloading Section: "reloadable-plugin/FluidSupportProviderImpl/DefaultRuntimePlugin of DefaultRuntimePlugin [roughlyenoughitems]/" done in 15.90 μs
[18:37:43] [main/TRACE] [REI] [REIPlugin END] Reloading Section: "reloadable-plugin/FluidSupportProviderImpl/AlloyForgeryCommonPlugin of AlloyForgeryCommonPlugin [alloy_forgery]/"
[18:37:43] [main/TRACE] [REI] [REIPlugin END] Reloading Section: "reloadable-plugin/FluidSupportProviderImpl/AlloyForgeryCommonPlugin of AlloyForgeryCommonPlugin [alloy_forgery]/" done in 9.500 μs
[18:37:43] [main/TRACE] [REI] [REIPlugin END] Reloading Section: "reloadable-plugin/FluidSupportProviderImpl/" done in 576.8 μs
[18:37:43] [main/DEBUG] [REI] ========================================
[18:37:43] [main/DEBUG] [REI] REIPlugin ending main-reload for END.
[18:37:43] [main/DEBUG] [REI] ========================================
[18:37:43] [main/TRACE] [REI] [REIPlugin END] Reloading Section: "end-reload/"
[18:37:43] [main/TRACE] [REI] [REIPlugin END] Reloading Section: "end-reload/EntryTypeRegistryImpl/"
[18:37:43] [main/TRACE] [REI] [REIPlugin END] Reloading Section: "end-reload/EntryTypeRegistryImpl/" done in 6.500 μs
[18:37:43] [main/TRACE] [REI] [REIPlugin END] Reloading Section: "end-reload/EntrySettingsAdapterRegistryImpl/"
[18:37:43] [main/TRACE] [REI] [REIPlugin END] Reloading Section: "end-reload/EntrySettingsAdapterRegistryImpl/" done in 4.400 μs
[18:37:43] [main/TRACE] [REI] [REIPlugin END] Reloading Section: "end-reload/RecipeManagerContextImpl/"
[18:37:43] [main/TRACE] [REI] [REIPlugin END] Reloading Section: "end-reload/RecipeManagerContextImpl/" done in 5.400 μs
[18:37:43] [main/TRACE] [REI] [REIPlugin END] Reloading Section: "end-reload/ItemComparatorRegistryImpl/"
[18:37:43] [main/TRACE] [REI] [REIPlugin END] Reloading Section: "end-reload/ItemComparatorRegistryImpl/" done in 4.000 μs
[18:37:43] [main/TRACE] [REI] [REIPlugin END] Reloading Section: "end-reload/FluidComparatorRegistryImpl/"
[18:37:43] [main/TRACE] [REI] [REIPlugin END] Reloading Section: "end-reload/FluidComparatorRegistryImpl/" done in 3.500 μs
[18:37:43] [main/TRACE] [REI] [REIPlugin END] Reloading Section: "end-reload/DisplaySerializerRegistryImpl/"
[18:37:43] [main/TRACE] [REI] [REIPlugin END] Reloading Section: "end-reload/DisplaySerializerRegistryImpl/" done in 4.100 μs
[18:37:43] [main/TRACE] [REI] [REIPlugin END] Reloading Section: "end-reload/FluidSupportProviderImpl/"
[18:37:43] [main/TRACE] [REI] [REIPlugin END] Reloading Section: "end-reload/FluidSupportProviderImpl/" done in 6.000 μs
[18:37:43] [main/TRACE] [REI] [REIPlugin END] Reloading Section: "end-reload/" done in 587.8 μs
[18:37:43] [main/DEBUG] [REI] ========================================
[18:37:43] [main/DEBUG] [REI] REIPlugin ended main-reload for END in 62.91 ms.
[18:37:43] [main/DEBUG] [REI] ========================================
[18:37:43] [main/INFO] [REI] ~~~~~~~~~~~~~~~~~~~~~~~~~~~~~~~~~~~~~~~~
[18:37:43] [main/INFO] [REI] REIServerPlugin starting main-reload for END.
[18:37:43] [main/DEBUG] [REI] Reloadables (1):
[18:37:43] [main/DEBUG] [REI]  - MenuInfoRegistryImpl
[18:37:43] [main/INFO] [REI] Plugins (4):
[18:37:43] [main/INFO] [REI]  - (-100,00) DefaultPlugin of DefaultPlugin [roughlyenoughitems]
[18:37:43] [main/INFO] [REI]  - (0,00) FabricFluidAPISupportPlugin
[18:37:43] [main/INFO] [REI]  - (0,00) DefaultRuntimePlugin of DefaultRuntimePlugin [roughlyenoughitems]
[18:37:43] [main/INFO] [REI]  - (0,00) AlloyForgeryCommonPlugin of AlloyForgeryCommonPlugin [alloy_forgery]
[18:37:43] [main/INFO] [REI] ~~~~~~~~~~~~~~~~~~~~~~~~~~~~~~~~~~~~~~~~
[18:37:43] [main/TRACE] [REI] [REIServerPlugin END] Reloading Section: "start-reload/"
[18:37:43] [main/TRACE] [REI] [REIServerPlugin END] Reloading Section: "start-reload/MenuInfoRegistryImpl/"
[18:37:43] [main/TRACE] [REI] [REIServerPlugin END] Reloading Section: "start-reload/MenuInfoRegistryImpl/" done in 53.30 μs
[18:37:43] [main/TRACE] [REI] [REIServerPlugin END] Reloading Section: "start-reload/" done in 207.8 μs
[18:37:43] [main/DEBUG] [REI] ========================================
[18:37:43] [main/DEBUG] [REI] REIServerPlugin started main-reload for END.
[18:37:43] [main/DEBUG] [REI] ========================================
[18:37:43] [main/TRACE] [REI] [REIServerPlugin END] Reloading Section: "reloadable-plugin/MenuInfoRegistryImpl/"
[18:37:43] [main/TRACE] [REI] [REIServerPlugin END] Reloading Section: "reloadable-plugin/MenuInfoRegistryImpl/DefaultPlugin of DefaultPlugin [roughlyenoughitems]/"
[18:37:43] [main/DEBUG] [REI] Added menu info for class net.minecraft.class_1714 [minecraft:plugins/crafting]: me.shedaniel.rei.api.common.transfer.info.simple.SimpleMenuInfoProvider$$Lambda$8121/0x0000000801c21500@2fb9a974
[18:37:43] [main/DEBUG] [REI] Added menu info for class net.minecraft.class_1723 [minecraft:plugins/crafting]: me.shedaniel.rei.api.common.transfer.info.simple.SimpleMenuInfoProvider$$Lambda$8121/0x0000000801c21500@12b2f1b2
[18:37:43] [main/DEBUG] [REI] Added menu info for class net.minecraft.class_3858 [minecraft:plugins/smelting]: me.shedaniel.rei.api.common.transfer.info.simple.SimpleMenuInfoProvider$$Lambda$8121/0x0000000801c21500@6b9a3e0a
[18:37:43] [main/DEBUG] [REI] Added menu info for class net.minecraft.class_3706 [minecraft:plugins/smoking]: me.shedaniel.rei.api.common.transfer.info.simple.SimpleMenuInfoProvider$$Lambda$8121/0x0000000801c21500@1f5022bc
[18:37:43] [main/DEBUG] [REI] Added menu info for class net.minecraft.class_3705 [minecraft:plugins/blasting]: me.shedaniel.rei.api.common.transfer.info.simple.SimpleMenuInfoProvider$$Lambda$8121/0x0000000801c21500@45068c81
[18:37:43] [main/TRACE] [REI] [REIServerPlugin END] Reloading Section: "reloadable-plugin/MenuInfoRegistryImpl/DefaultPlugin of DefaultPlugin [roughlyenoughitems]/" done in 11.21 ms
[18:37:43] [main/TRACE] [REI] [REIServerPlugin END] Reloading Section: "reloadable-plugin/MenuInfoRegistryImpl/FabricFluidAPISupportPlugin/"
[18:37:43] [main/TRACE] [REI] [REIServerPlugin END] Reloading Section: "reloadable-plugin/MenuInfoRegistryImpl/FabricFluidAPISupportPlugin/" done in 22.40 μs
[18:37:43] [main/TRACE] [REI] [REIServerPlugin END] Reloading Section: "reloadable-plugin/MenuInfoRegistryImpl/DefaultRuntimePlugin of DefaultRuntimePlugin [roughlyenoughitems]/"
[18:37:43] [main/TRACE] [REI] [REIServerPlugin END] Reloading Section: "reloadable-plugin/MenuInfoRegistryImpl/DefaultRuntimePlugin of DefaultRuntimePlugin [roughlyenoughitems]/" done in 17.60 μs
[18:37:43] [main/TRACE] [REI] [REIServerPlugin END] Reloading Section: "reloadable-plugin/MenuInfoRegistryImpl/AlloyForgeryCommonPlugin of AlloyForgeryCommonPlugin [alloy_forgery]/"
[18:37:43] [main/DEBUG] [REI] Added menu info for class wraith.alloyforgery.AlloyForgeScreenHandler [alloy_forgery:forging]: me.shedaniel.rei.api.common.transfer.info.simple.SimpleMenuInfoProvider$$Lambda$8121/0x0000000801c21500@40bd939
[18:37:43] [main/TRACE] [REI] [REIServerPlugin END] Reloading Section: "reloadable-plugin/MenuInfoRegistryImpl/AlloyForgeryCommonPlugin of AlloyForgeryCommonPlugin [alloy_forgery]/" done in 1.943 ms
[18:37:43] [main/TRACE] [REI] [REIServerPlugin END] Reloading Section: "reloadable-plugin/MenuInfoRegistryImpl/" done in 13.84 ms
[18:37:43] [main/DEBUG] [REI] ========================================
[18:37:43] [main/DEBUG] [REI] REIServerPlugin ending main-reload for END.
[18:37:43] [main/DEBUG] [REI] ========================================
[18:37:43] [main/TRACE] [REI] [REIServerPlugin END] Reloading Section: "end-reload/"
[18:37:43] [main/TRACE] [REI] [REIServerPlugin END] Reloading Section: "end-reload/MenuInfoRegistryImpl/"
[18:37:43] [main/DEBUG] [REI] Registered 5 menu infos
[18:37:43] [main/TRACE] [REI] [REIServerPlugin END] Reloading Section: "end-reload/MenuInfoRegistryImpl/" done in 103.8 μs
[18:37:43] [main/TRACE] [REI] [REIServerPlugin END] Reloading Section: "end-reload/" done in 271.5 μs
[18:37:43] [main/DEBUG] [REI] ========================================
[18:37:43] [main/DEBUG] [REI] REIServerPlugin ended main-reload for END in 16.85 ms.
[18:37:43] [main/DEBUG] [REI] ========================================
[18:37:43] [main/DEBUG] [REI] ========================================
[18:37:43] [main/DEBUG] [REI] REIPlugin starting post-reload for END.
[18:37:43] [main/DEBUG] [REI] Reloadables (7):
[18:37:43] [main/DEBUG] [REI]  - EntryTypeRegistryImpl
[18:37:43] [main/DEBUG] [REI]  - EntrySettingsAdapterRegistryImpl
[18:37:43] [main/DEBUG] [REI]  - RecipeManagerContextImpl
[18:37:43] [main/DEBUG] [REI]  - ItemComparatorRegistryImpl
[18:37:43] [main/DEBUG] [REI]  - FluidComparatorRegistryImpl
[18:37:43] [main/DEBUG] [REI]  - DisplaySerializerRegistryImpl
[18:37:43] [main/DEBUG] [REI]  - FluidSupportProviderImpl
[18:37:43] [main/DEBUG] [REI] Plugins (4):
[18:37:43] [main/DEBUG] [REI]  - (-100,00) DefaultPlugin of DefaultPlugin [roughlyenoughitems]
[18:37:43] [main/DEBUG] [REI]  - (0,00) FabricFluidAPISupportPlugin
[18:37:43] [main/DEBUG] [REI]  - (0,00) DefaultRuntimePlugin of DefaultRuntimePlugin [roughlyenoughitems]
[18:37:43] [main/DEBUG] [REI]  - (0,00) AlloyForgeryCommonPlugin of AlloyForgeryCommonPlugin [alloy_forgery]
[18:37:43] [main/DEBUG] [REI] ========================================
[18:37:43] [main/TRACE] [REI] [REIPlugin END] Reloading Section: "post-register/"
[18:37:43] [main/TRACE] [REI] [REIPlugin END] Reloading Section: "post-register/DefaultPlugin of DefaultPlugin [roughlyenoughitems]/"
[18:37:43] [main/TRACE] [REI] [REIPlugin END] Reloading Section: "post-register/DefaultPlugin of DefaultPlugin [roughlyenoughitems]/" done in 29.40 μs
[18:37:43] [main/TRACE] [REI] [REIPlugin END] Reloading Section: "post-register/FabricFluidAPISupportPlugin/"
[18:37:43] [main/TRACE] [REI] [REIPlugin END] Reloading Section: "post-register/FabricFluidAPISupportPlugin/" done in 21.60 μs
[18:37:43] [main/TRACE] [REI] [REIPlugin END] Reloading Section: "post-register/DefaultRuntimePlugin of DefaultRuntimePlugin [roughlyenoughitems]/"
[18:37:43] [main/TRACE] [REI] [REIPlugin END] Reloading Section: "post-register/DefaultRuntimePlugin of DefaultRuntimePlugin [roughlyenoughitems]/" done in 18.40 μs
[18:37:43] [main/TRACE] [REI] [REIPlugin END] Reloading Section: "post-register/AlloyForgeryCommonPlugin of AlloyForgeryCommonPlugin [alloy_forgery]/"
[18:37:43] [main/TRACE] [REI] [REIPlugin END] Reloading Section: "post-register/AlloyForgeryCommonPlugin of AlloyForgeryCommonPlugin [alloy_forgery]/" done in 13.60 μs
[18:37:43] [main/TRACE] [REI] [REIPlugin END] Reloading Section: "post-register/" done in 543.3 μs
[18:37:43] [main/DEBUG] [REI] ========================================
[18:37:43] [main/INFO] [REI] REIPlugin finished post-reload for END in 702.8 μs, totaling 63.91 ms.
[18:37:43] [main/DEBUG] [REI] ========================================
[18:37:43] [main/DEBUG] [REI] ========================================
[18:37:43] [main/DEBUG] [REI] REIServerPlugin starting post-reload for END.
[18:37:43] [main/DEBUG] [REI] Reloadables (1):
[18:37:43] [main/DEBUG] [REI]  - MenuInfoRegistryImpl
[18:37:43] [main/DEBUG] [REI] Plugins (4):
[18:37:43] [main/DEBUG] [REI]  - (-100,00) DefaultPlugin of DefaultPlugin [roughlyenoughitems]
[18:37:43] [main/DEBUG] [REI]  - (0,00) FabricFluidAPISupportPlugin
[18:37:43] [main/DEBUG] [REI]  - (0,00) DefaultRuntimePlugin of DefaultRuntimePlugin [roughlyenoughitems]
[18:37:43] [main/DEBUG] [REI]  - (0,00) AlloyForgeryCommonPlugin of AlloyForgeryCommonPlugin [alloy_forgery]
[18:37:43] [main/DEBUG] [REI] ========================================
[18:37:43] [main/TRACE] [REI] [REIServerPlugin END] Reloading Section: "post-register/"
[18:37:43] [main/TRACE] [REI] [REIServerPlugin END] Reloading Section: "post-register/DefaultPlugin of DefaultPlugin [roughlyenoughitems]/"
[18:37:43] [main/TRACE] [REI] [REIServerPlugin END] Reloading Section: "post-register/DefaultPlugin of DefaultPlugin [roughlyenoughitems]/" done in 17.40 μs
[18:37:43] [main/TRACE] [REI] [REIServerPlugin END] Reloading Section: "post-register/FabricFluidAPISupportPlugin/"
[18:37:43] [main/TRACE] [REI] [REIServerPlugin END] Reloading Section: "post-register/FabricFluidAPISupportPlugin/" done in 9.500 μs
[18:37:43] [main/TRACE] [REI] [REIServerPlugin END] Reloading Section: "post-register/DefaultRuntimePlugin of DefaultRuntimePlugin [roughlyenoughitems]/"
[18:37:43] [main/TRACE] [REI] [REIServerPlugin END] Reloading Section: "post-register/DefaultRuntimePlugin of DefaultRuntimePlugin [roughlyenoughitems]/" done in 13.20 μs
[18:37:43] [main/TRACE] [REI] [REIServerPlugin END] Reloading Section: "post-register/AlloyForgeryCommonPlugin of AlloyForgeryCommonPlugin [alloy_forgery]/"
[18:37:43] [main/TRACE] [REI] [REIServerPlugin END] Reloading Section: "post-register/AlloyForgeryCommonPlugin of AlloyForgeryCommonPlugin [alloy_forgery]/" done in 11.50 μs
[18:37:43] [main/TRACE] [REI] [REIServerPlugin END] Reloading Section: "post-register/" done in 328.4 μs
[18:37:43] [main/DEBUG] [REI] ========================================
[18:37:43] [main/INFO] [REI] REIServerPlugin finished post-reload for END in 385.0 μs, totaling 17.63 ms.
[18:37:43] [main/DEBUG] [REI] ========================================
